0 verbose cli /usr/local/bin/node /usr/local/bin/npm
1 info using npm@10.8.2
2 info using node@v20.18.3
3 silly config load:file:/usr/local/lib/node_modules/npm/npmrc
4 silly config load:file:/data/.npmrc
5 silly config load:file:/usr/src/node-red/.npmrc
6 silly config load:file:/usr/local/etc/npmrc
7 verbose title npm install node-red-contrib-jwt@0.1.0
8 verbose argv "install" "--no-audit" "--no-update-notifier" "--no-fund" "--save" "--save-prefix" "~" "--omit" "dev" "--engine-strict" "node-red-contrib-jwt@0.1.0"
9 verbose logfile logs-max:10 dir:/data/.npm/_logs/2025-02-20T13_45_15_171Z-
10 verbose logfile /data/.npm/_logs/2025-02-20T13_45_15_171Z-debug-0.log
11 silly packumentCache heap:2197815296 maxSize:549453824 maxEntrySize:274726912
12 silly logfile done cleaning log files
13 silly idealTree buildDeps
14 silly fetch manifest node-red-contrib-jwt@0.1.0
15 silly packumentCache full:https://registry.npmjs.org/node-red-contrib-jwt cache-miss
16 http fetch GET 200 https://registry.npmjs.org/node-red-contrib-jwt 790ms (cache miss)
17 silly packumentCache full:https://registry.npmjs.org/node-red-contrib-jwt set size:undefined disposed:false
18 silly placeDep ROOT node-red-contrib-jwt@0.1.0 OK for: node-red-project@0.0.1 want: 0.1.0
19 silly fetch manifest jsonwebtoken@^8.5.1
20 silly packumentCache full:https://registry.npmjs.org/jsonwebtoken cache-miss
21 silly fetch manifest node-jwk@^0.1.0
22 silly packumentCache full:https://registry.npmjs.org/node-jwk cache-miss
23 silly fetch manifest request@^2.88.2
24 silly packumentCache full:https://registry.npmjs.org/request cache-miss
25 http fetch GET 200 https://registry.npmjs.org/jsonwebtoken 61ms (cache miss)
26 silly packumentCache full:https://registry.npmjs.org/jsonwebtoken set size:undefined disposed:false
27 http fetch GET 200 https://registry.npmjs.org/request 129ms (cache miss)
28 silly packumentCache full:https://registry.npmjs.org/request set size:undefined disposed:false
29 http fetch GET 200 https://registry.npmjs.org/node-jwk 705ms (cache miss)
30 silly packumentCache full:https://registry.npmjs.org/node-jwk set size:undefined disposed:false
31 silly placeDep ROOT jsonwebtoken@8.5.1 OK for: node-red-contrib-jwt@0.1.0 want: ^8.5.1
32 silly placeDep ROOT node-jwk@0.1.0 OK for: node-red-contrib-jwt@0.1.0 want: ^0.1.0
33 silly placeDep ROOT request@2.88.2 OK for: node-red-contrib-jwt@0.1.0 want: ^2.88.2
34 silly fetch manifest ms@^2.1.1
35 silly packumentCache full:https://registry.npmjs.org/ms cache-miss
36 silly fetch manifest jws@^3.2.2
37 silly packumentCache full:https://registry.npmjs.org/jws cache-miss
38 silly fetch manifest semver@^5.6.0
39 silly packumentCache full:https://registry.npmjs.org/semver cache-miss
40 silly fetch manifest lodash.once@^4.0.0
41 silly packumentCache full:https://registry.npmjs.org/lodash.once cache-miss
42 silly fetch manifest lodash.includes@^4.3.0
43 silly packumentCache full:https://registry.npmjs.org/lodash.includes cache-miss
44 silly fetch manifest lodash.isnumber@^3.0.3
45 silly packumentCache full:https://registry.npmjs.org/lodash.isnumber cache-miss
46 silly fetch manifest lodash.isstring@^4.0.1
47 silly packumentCache full:https://registry.npmjs.org/lodash.isstring cache-miss
48 silly fetch manifest lodash.isboolean@^3.0.3
49 silly packumentCache full:https://registry.npmjs.org/lodash.isboolean cache-miss
50 silly fetch manifest lodash.isinteger@^4.0.4
51 silly packumentCache full:https://registry.npmjs.org/lodash.isinteger cache-miss
52 silly fetch manifest lodash.isplainobject@^4.0.6
53 silly packumentCache full:https://registry.npmjs.org/lodash.isplainobject cache-miss
54 silly fetch manifest asn1.js@^4.9.1
55 silly packumentCache full:https://registry.npmjs.org/asn1.js cache-miss
56 http fetch GET 200 https://registry.npmjs.org/jws 50ms (cache miss)
57 silly packumentCache full:https://registry.npmjs.org/jws set size:undefined disposed:false
58 silly fetch manifest base64url@^2.0.0
59 silly packumentCache full:https://registry.npmjs.org/base64url cache-miss
60 http fetch GET 200 https://registry.npmjs.org/ms 94ms (cache miss)
61 silly packumentCache full:https://registry.npmjs.org/ms set size:undefined disposed:false
62 silly fetch manifest lodash@^4.17.4
63 silly packumentCache full:https://registry.npmjs.org/lodash cache-miss
64 http fetch GET 200 https://registry.npmjs.org/semver 97ms (cache miss)
65 silly packumentCache full:https://registry.npmjs.org/semver set size:undefined disposed:false
66 silly fetch manifest qs@~6.5.2
67 silly packumentCache full:https://registry.npmjs.org/qs cache-miss
68 http fetch GET 200 https://registry.npmjs.org/lodash.includes 123ms (cache miss)
69 silly packumentCache full:https://registry.npmjs.org/lodash.includes set size:undefined disposed:false
70 silly fetch manifest aws4@^1.8.0
71 silly packumentCache full:https://registry.npmjs.org/aws4 cache-miss
72 http fetch GET 200 https://registry.npmjs.org/lodash.once 146ms (cache miss)
73 silly packumentCache full:https://registry.npmjs.org/lodash.once set size:undefined disposed:false
74 silly fetch manifest uuid@^3.3.2
75 silly packumentCache full:https://registry.npmjs.org/uuid cache-miss
76 http fetch GET 200 https://registry.npmjs.org/lodash.isplainobject 152ms (cache miss)
77 silly packumentCache full:https://registry.npmjs.org/lodash.isplainobject set size:undefined disposed:false
78 silly fetch manifest extend@~3.0.2
79 silly packumentCache full:https://registry.npmjs.org/extend cache-miss
80 http fetch GET 200 https://registry.npmjs.org/lodash.isstring 157ms (cache miss)
81 silly packumentCache full:https://registry.npmjs.org/lodash.isstring set size:undefined disposed:false
82 silly fetch manifest caseless@~0.12.0
83 silly packumentCache full:https://registry.npmjs.org/caseless cache-miss
84 http fetch GET 200 https://registry.npmjs.org/lodash.isnumber 161ms (cache miss)
85 silly packumentCache full:https://registry.npmjs.org/lodash.isnumber set size:undefined disposed:false
86 silly fetch manifest isstream@~0.1.2
87 silly packumentCache full:https://registry.npmjs.org/isstream cache-miss
88 http fetch GET 200 https://registry.npmjs.org/lodash.isboolean 163ms (cache miss)
89 silly packumentCache full:https://registry.npmjs.org/lodash.isboolean set size:undefined disposed:false
90 silly fetch manifest aws-sign2@~0.7.0
91 silly packumentCache full:https://registry.npmjs.org/aws-sign2 cache-miss
92 http fetch GET 200 https://registry.npmjs.org/lodash.isinteger 168ms (cache miss)
93 silly packumentCache full:https://registry.npmjs.org/lodash.isinteger set size:undefined disposed:false
94 silly fetch manifest form-data@~2.3.2
95 silly packumentCache full:https://registry.npmjs.org/form-data cache-miss
96 http fetch GET 200 https://registry.npmjs.org/lodash 105ms (cache miss)
97 silly packumentCache full:https://registry.npmjs.org/lodash set size:undefined disposed:false
98 silly fetch manifest mime-types@~2.1.19
99 silly packumentCache full:https://registry.npmjs.org/mime-types cache-miss
100 http fetch GET 200 https://registry.npmjs.org/asn1.js 198ms (cache miss)
101 silly packumentCache full:https://registry.npmjs.org/asn1.js set size:undefined disposed:false
102 silly fetch manifest oauth-sign@~0.9.0
103 silly packumentCache full:https://registry.npmjs.org/oauth-sign cache-miss
104 http fetch GET 200 https://registry.npmjs.org/qs 112ms (cache miss)
105 silly packumentCache full:https://registry.npmjs.org/qs set size:undefined disposed:false
106 silly fetch manifest safe-buffer@^5.1.2
107 silly packumentCache full:https://registry.npmjs.org/safe-buffer cache-miss
108 http fetch GET 200 https://registry.npmjs.org/caseless 72ms (cache miss)
109 silly packumentCache full:https://registry.npmjs.org/caseless set size:undefined disposed:false
110 silly fetch manifest tough-cookie@~2.5.0
111 silly packumentCache full:https://registry.npmjs.org/tough-cookie cache-miss
112 http fetch GET 200 https://registry.npmjs.org/aws4 108ms (cache miss)
113 silly packumentCache full:https://registry.npmjs.org/aws4 set size:undefined disposed:false
114 silly fetch manifest tunnel-agent@^0.6.0
115 silly packumentCache full:https://registry.npmjs.org/tunnel-agent cache-miss
116 http fetch GET 200 https://registry.npmjs.org/aws-sign2 72ms (cache miss)
117 silly packumentCache full:https://registry.npmjs.org/aws-sign2 set size:undefined disposed:false
118 silly fetch manifest forever-agent@~0.6.1
119 silly packumentCache full:https://registry.npmjs.org/forever-agent cache-miss
120 http fetch GET 200 https://registry.npmjs.org/isstream 77ms (cache miss)
121 silly packumentCache full:https://registry.npmjs.org/isstream set size:undefined disposed:false
122 silly fetch manifest har-validator@~5.1.3
123 silly packumentCache full:https://registry.npmjs.org/har-validator cache-miss
124 http fetch GET 200 https://registry.npmjs.org/extend 91ms (cache miss)
125 silly packumentCache full:https://registry.npmjs.org/extend set size:undefined disposed:false
126 silly fetch manifest is-typedarray@~1.0.0
127 silly packumentCache full:https://registry.npmjs.org/is-typedarray cache-miss
128 http fetch GET 200 https://registry.npmjs.org/uuid 112ms (cache miss)
129 silly packumentCache full:https://registry.npmjs.org/uuid set size:undefined disposed:false
130 silly fetch manifest http-signature@~1.2.0
131 silly packumentCache full:https://registry.npmjs.org/http-signature cache-miss
132 http fetch GET 200 https://registry.npmjs.org/form-data 92ms (cache miss)
133 silly packumentCache full:https://registry.npmjs.org/form-data set size:undefined disposed:false
134 silly fetch manifest combined-stream@~1.0.6
135 silly packumentCache full:https://registry.npmjs.org/combined-stream cache-miss
136 http fetch GET 200 https://registry.npmjs.org/oauth-sign 70ms (cache miss)
137 silly packumentCache full:https://registry.npmjs.org/oauth-sign set size:undefined disposed:false
138 silly fetch manifest performance-now@^2.1.0
139 silly packumentCache full:https://registry.npmjs.org/performance-now cache-miss
140 http fetch GET 200 https://registry.npmjs.org/safe-buffer 71ms (cache miss)
141 silly packumentCache full:https://registry.npmjs.org/safe-buffer set size:undefined disposed:false
142 silly fetch manifest json-stringify-safe@~5.0.1
143 silly packumentCache full:https://registry.npmjs.org/json-stringify-safe cache-miss
144 http fetch GET 200 https://registry.npmjs.org/mime-types 89ms (cache miss)
145 silly packumentCache full:https://registry.npmjs.org/mime-types set size:undefined disposed:false
146 http fetch GET 200 https://registry.npmjs.org/forever-agent 56ms (cache miss)
147 silly packumentCache full:https://registry.npmjs.org/forever-agent set size:undefined disposed:false
148 http fetch GET 200 https://registry.npmjs.org/har-validator 55ms (cache miss)
149 silly packumentCache full:https://registry.npmjs.org/har-validator set size:undefined disposed:false
150 http fetch GET 200 https://registry.npmjs.org/tunnel-agent 67ms (cache miss)
151 silly packumentCache full:https://registry.npmjs.org/tunnel-agent set size:undefined disposed:false
152 http fetch GET 200 https://registry.npmjs.org/is-typedarray 55ms (cache miss)
153 silly packumentCache full:https://registry.npmjs.org/is-typedarray set size:undefined disposed:false
154 http fetch GET 200 https://registry.npmjs.org/tough-cookie 76ms (cache miss)
155 silly packumentCache full:https://registry.npmjs.org/tough-cookie set size:undefined disposed:false
156 http fetch GET 200 https://registry.npmjs.org/combined-stream 44ms (cache miss)
157 silly packumentCache full:https://registry.npmjs.org/combined-stream set size:undefined disposed:false
158 http fetch GET 200 https://registry.npmjs.org/http-signature 52ms (cache miss)
159 silly packumentCache full:https://registry.npmjs.org/http-signature set size:undefined disposed:false
160 http fetch GET 200 https://registry.npmjs.org/performance-now 44ms (cache miss)
161 silly packumentCache full:https://registry.npmjs.org/performance-now set size:undefined disposed:false
162 http fetch GET 200 https://registry.npmjs.org/base64url 576ms (cache miss)
163 silly packumentCache full:https://registry.npmjs.org/base64url set size:undefined disposed:false
164 http fetch GET 200 https://registry.npmjs.org/json-stringify-safe 617ms (cache miss)
165 silly packumentCache full:https://registry.npmjs.org/json-stringify-safe set size:undefined disposed:false
166 silly placeDep ROOT jws@3.2.2 OK for: jsonwebtoken@8.5.1 want: ^3.2.2
167 silly placeDep ROOT lodash.includes@4.3.0 OK for: jsonwebtoken@8.5.1 want: ^4.3.0
168 silly placeDep ROOT lodash.isboolean@3.0.3 OK for: jsonwebtoken@8.5.1 want: ^3.0.3
169 silly placeDep ROOT lodash.isinteger@4.0.4 OK for: jsonwebtoken@8.5.1 want: ^4.0.4
170 silly placeDep ROOT lodash.isnumber@3.0.3 OK for: jsonwebtoken@8.5.1 want: ^3.0.3
171 silly placeDep ROOT lodash.isplainobject@4.0.6 OK for: jsonwebtoken@8.5.1 want: ^4.0.6
172 silly placeDep ROOT lodash.isstring@4.0.1 OK for: jsonwebtoken@8.5.1 want: ^4.0.1
173 silly placeDep ROOT lodash.once@4.1.1 OK for: jsonwebtoken@8.5.1 want: ^4.0.0
174 silly placeDep ROOT ms@2.1.3 OK for: jsonwebtoken@8.5.1 want: ^2.1.1
175 silly placeDep ROOT semver@5.7.2 OK for: jsonwebtoken@8.5.1 want: ^5.6.0
176 silly fetch manifest jwa@^1.4.1
177 silly packumentCache full:https://registry.npmjs.org/jwa cache-miss
178 silly fetch manifest safe-buffer@^5.0.1
179 silly packumentCache full:https://registry.npmjs.org/safe-buffer cache-miss
180 http fetch GET 200 https://registry.npmjs.org/safe-buffer 9ms (cache hit)
181 silly packumentCache full:https://registry.npmjs.org/safe-buffer set size:41183 disposed:false
182 http fetch GET 200 https://registry.npmjs.org/jwa 49ms (cache miss)
183 silly packumentCache full:https://registry.npmjs.org/jwa set size:undefined disposed:false
184 silly placeDep ROOT jwa@1.4.1 OK for: jws@3.2.2 want: ^1.4.1
185 silly placeDep ROOT safe-buffer@5.2.1 OK for: jws@3.2.2 want: ^5.0.1
186 silly fetch manifest buffer-equal-constant-time@1.0.1
187 silly packumentCache full:https://registry.npmjs.org/buffer-equal-constant-time cache-miss
188 silly fetch manifest ecdsa-sig-formatter@1.0.11
189 silly packumentCache full:https://registry.npmjs.org/ecdsa-sig-formatter cache-miss
190 http fetch GET 200 https://registry.npmjs.org/ecdsa-sig-formatter 50ms (cache miss)
191 silly packumentCache full:https://registry.npmjs.org/ecdsa-sig-formatter set size:undefined disposed:false
192 http fetch GET 200 https://registry.npmjs.org/buffer-equal-constant-time 63ms (cache miss)
193 silly packumentCache full:https://registry.npmjs.org/buffer-equal-constant-time set size:undefined disposed:false
194 silly placeDep ROOT buffer-equal-constant-time@1.0.1 OK for: jwa@1.4.1 want: 1.0.1
195 silly placeDep ROOT ecdsa-sig-formatter@1.0.11 OK for: jwa@1.4.1 want: 1.0.11
196 silly placeDep ROOT asn1.js@4.10.1 OK for: node-jwk@0.1.0 want: ^4.9.1
197 silly placeDep ROOT base64url@2.0.0 OK for: node-jwk@0.1.0 want: ^2.0.0
198 silly placeDep ROOT lodash@4.17.21 OK for: node-jwk@0.1.0 want: ^4.17.4
199 silly fetch manifest bn.js@^4.0.0
200 silly packumentCache full:https://registry.npmjs.org/bn.js cache-miss
201 silly fetch manifest inherits@^2.0.1
202 silly packumentCache full:https://registry.npmjs.org/inherits cache-miss
203 silly fetch manifest minimalistic-assert@^1.0.0
204 silly packumentCache full:https://registry.npmjs.org/minimalistic-assert cache-miss
205 http fetch GET 200 https://registry.npmjs.org/minimalistic-assert 53ms (cache miss)
206 silly packumentCache full:https://registry.npmjs.org/minimalistic-assert set size:undefined disposed:false
207 http fetch GET 200 https://registry.npmjs.org/bn.js 55ms (cache miss)
208 silly packumentCache full:https://registry.npmjs.org/bn.js set size:undefined disposed:false
209 http fetch GET 200 https://registry.npmjs.org/inherits 61ms (cache miss)
210 silly packumentCache full:https://registry.npmjs.org/inherits set size:undefined disposed:false
211 silly placeDep ROOT bn.js@4.12.1 OK for: asn1.js@4.10.1 want: ^4.0.0
212 silly placeDep ROOT inherits@2.0.4 OK for: asn1.js@4.10.1 want: ^2.0.1
213 silly placeDep ROOT minimalistic-assert@1.0.1 OK for: asn1.js@4.10.1 want: ^1.0.0
214 silly placeDep ROOT aws-sign2@0.7.0 OK for: request@2.88.2 want: ~0.7.0
215 silly placeDep ROOT aws4@1.13.2 OK for: request@2.88.2 want: ^1.8.0
216 silly placeDep ROOT caseless@0.12.0 OK for: request@2.88.2 want: ~0.12.0
217 silly placeDep ROOT combined-stream@1.0.8 OK for: request@2.88.2 want: ~1.0.6
218 silly placeDep ROOT extend@3.0.2 OK for: request@2.88.2 want: ~3.0.2
219 silly placeDep ROOT forever-agent@0.6.1 OK for: request@2.88.2 want: ~0.6.1
220 silly placeDep ROOT form-data@2.3.3 OK for: request@2.88.2 want: ~2.3.2
221 silly placeDep ROOT har-validator@5.1.5 OK for: request@2.88.2 want: ~5.1.3
222 silly placeDep ROOT http-signature@1.2.0 OK for: request@2.88.2 want: ~1.2.0
223 silly placeDep ROOT is-typedarray@1.0.0 OK for: request@2.88.2 want: ~1.0.0
224 silly placeDep ROOT isstream@0.1.2 OK for: request@2.88.2 want: ~0.1.2
225 silly placeDep ROOT json-stringify-safe@5.0.1 OK for: request@2.88.2 want: ~5.0.1
226 silly placeDep ROOT mime-types@2.1.35 OK for: request@2.88.2 want: ~2.1.19
227 silly placeDep ROOT oauth-sign@0.9.0 OK for: request@2.88.2 want: ~0.9.0
228 silly placeDep ROOT performance-now@2.1.0 OK for: request@2.88.2 want: ^2.1.0
229 silly placeDep ROOT qs@6.5.3 OK for: request@2.88.2 want: ~6.5.2
230 silly placeDep ROOT tough-cookie@2.5.0 OK for: request@2.88.2 want: ~2.5.0
231 silly placeDep ROOT tunnel-agent@0.6.0 OK for: request@2.88.2 want: ^0.6.0
232 silly placeDep ROOT uuid@3.4.0 OK for: request@2.88.2 want: ^3.3.2
233 silly fetch manifest delayed-stream@~1.0.0
234 silly packumentCache full:https://registry.npmjs.org/delayed-stream cache-miss
235 silly fetch manifest asynckit@^0.4.0
236 silly packumentCache full:https://registry.npmjs.org/asynckit cache-miss
237 silly fetch manifest mime-types@^2.1.12
238 silly packumentCache full:https://registry.npmjs.org/mime-types cache-miss
239 silly fetch manifest ajv@^6.12.3
240 silly packumentCache full:https://registry.npmjs.org/ajv cache-miss
241 silly fetch manifest har-schema@^2.0.0
242 silly packumentCache full:https://registry.npmjs.org/har-schema cache-miss
243 silly fetch manifest sshpk@^1.7.0
244 silly packumentCache full:https://registry.npmjs.org/sshpk cache-miss
245 silly fetch manifest jsprim@^1.2.2
246 silly packumentCache full:https://registry.npmjs.org/jsprim cache-miss
247 silly fetch manifest assert-plus@^1.0.0
248 silly packumentCache full:https://registry.npmjs.org/assert-plus cache-miss
249 silly fetch manifest mime-db@1.52.0
250 silly packumentCache full:https://registry.npmjs.org/mime-db cache-miss
251 silly fetch manifest psl@^1.1.28
252 silly packumentCache full:https://registry.npmjs.org/psl cache-miss
253 silly fetch manifest punycode@^2.1.1
254 silly packumentCache full:https://registry.npmjs.org/punycode cache-miss
255 http fetch GET 200 https://registry.npmjs.org/mime-types 22ms (cache hit)
256 silly packumentCache full:https://registry.npmjs.org/mime-types set size:129792 disposed:false
257 http fetch GET 200 https://registry.npmjs.org/jsprim 66ms (cache miss)
258 silly packumentCache full:https://registry.npmjs.org/jsprim set size:undefined disposed:false
259 http fetch GET 200 https://registry.npmjs.org/delayed-stream 74ms (cache miss)
260 silly packumentCache full:https://registry.npmjs.org/delayed-stream set size:undefined disposed:false
261 http fetch GET 200 https://registry.npmjs.org/assert-plus 73ms (cache miss)
262 silly packumentCache full:https://registry.npmjs.org/assert-plus set size:undefined disposed:false
263 http fetch GET 200 https://registry.npmjs.org/har-schema 76ms (cache miss)
264 silly packumentCache full:https://registry.npmjs.org/har-schema set size:undefined disposed:false
265 http fetch GET 200 https://registry.npmjs.org/asynckit 80ms (cache miss)
266 silly packumentCache full:https://registry.npmjs.org/asynckit set size:undefined disposed:false
267 http fetch GET 200 https://registry.npmjs.org/punycode 78ms (cache miss)
268 silly packumentCache full:https://registry.npmjs.org/punycode set size:undefined disposed:false
269 http fetch GET 200 https://registry.npmjs.org/psl 85ms (cache miss)
270 silly packumentCache full:https://registry.npmjs.org/psl set size:undefined disposed:false
271 http fetch GET 200 https://registry.npmjs.org/sshpk 91ms (cache miss)
272 silly packumentCache full:https://registry.npmjs.org/sshpk set size:undefined disposed:false
273 http fetch GET 200 https://registry.npmjs.org/mime-db 91ms (cache miss)
274 silly packumentCache full:https://registry.npmjs.org/mime-db set size:undefined disposed:false
275 http fetch GET 200 https://registry.npmjs.org/ajv 102ms (cache miss)
276 silly packumentCache full:https://registry.npmjs.org/ajv set size:undefined disposed:false
277 silly placeDep ROOT delayed-stream@1.0.0 OK for: combined-stream@1.0.8 want: ~1.0.0
278 silly placeDep ROOT asynckit@0.4.0 OK for: form-data@2.3.3 want: ^0.4.0
279 silly placeDep ROOT ajv@6.12.6 OK for: har-validator@5.1.5 want: ^6.12.3
280 silly placeDep ROOT har-schema@2.0.0 OK for: har-validator@5.1.5 want: ^2.0.0
281 silly fetch manifest uri-js@^4.2.2
282 silly packumentCache full:https://registry.npmjs.org/uri-js cache-miss
283 silly fetch manifest fast-deep-equal@^3.1.1
284 silly packumentCache full:https://registry.npmjs.org/fast-deep-equal cache-miss
285 silly fetch manifest json-schema-traverse@^0.4.1
286 silly packumentCache full:https://registry.npmjs.org/json-schema-traverse cache-miss
287 silly fetch manifest fast-json-stable-stringify@^2.0.0
288 silly packumentCache full:https://registry.npmjs.org/fast-json-stable-stringify cache-miss
289 http fetch GET 200 https://registry.npmjs.org/fast-deep-equal 45ms (cache miss)
290 silly packumentCache full:https://registry.npmjs.org/fast-deep-equal set size:undefined disposed:false
291 http fetch GET 200 https://registry.npmjs.org/fast-json-stable-stringify 46ms (cache miss)
292 silly packumentCache full:https://registry.npmjs.org/fast-json-stable-stringify set size:undefined disposed:false
293 http fetch GET 200 https://registry.npmjs.org/uri-js 49ms (cache miss)
294 silly packumentCache full:https://registry.npmjs.org/uri-js set size:undefined disposed:false
295 http fetch GET 200 https://registry.npmjs.org/json-schema-traverse 49ms (cache miss)
296 silly packumentCache full:https://registry.npmjs.org/json-schema-traverse set size:undefined disposed:false
297 silly placeDep ROOT fast-deep-equal@3.1.3 OK for: ajv@6.12.6 want: ^3.1.1
298 silly placeDep ROOT fast-json-stable-stringify@2.1.0 OK for: ajv@6.12.6 want: ^2.0.0
299 silly placeDep ROOT json-schema-traverse@0.4.1 OK for: ajv@6.12.6 want: ^0.4.1
300 silly placeDep ROOT uri-js@4.4.1 OK for: ajv@6.12.6 want: ^4.2.2
301 silly fetch manifest punycode@^2.1.0
302 silly packumentCache full:https://registry.npmjs.org/punycode cache-miss
303 http fetch GET 200 https://registry.npmjs.org/punycode 5ms (cache hit)
304 silly packumentCache full:https://registry.npmjs.org/punycode set size:61302 disposed:false
305 silly placeDep ROOT assert-plus@1.0.0 OK for: http-signature@1.2.0 want: ^1.0.0
306 silly placeDep ROOT jsprim@1.4.2 OK for: http-signature@1.2.0 want: ^1.2.2
307 silly placeDep ROOT sshpk@1.18.0 OK for: http-signature@1.2.0 want: ^1.7.0
308 silly fetch manifest verror@1.10.0
309 silly packumentCache full:https://registry.npmjs.org/verror cache-miss
310 silly fetch manifest extsprintf@1.3.0
311 silly packumentCache full:https://registry.npmjs.org/extsprintf cache-miss
312 silly fetch manifest json-schema@0.4.0
313 silly packumentCache full:https://registry.npmjs.org/json-schema cache-miss
314 silly fetch manifest asn1@~0.2.3
315 silly packumentCache full:https://registry.npmjs.org/asn1 cache-miss
316 silly fetch manifest jsbn@~0.1.0
317 silly packumentCache full:https://registry.npmjs.org/jsbn cache-miss
318 silly fetch manifest getpass@^0.1.1
319 silly packumentCache full:https://registry.npmjs.org/getpass cache-miss
320 silly fetch manifest dashdash@^1.12.0
321 silly packumentCache full:https://registry.npmjs.org/dashdash cache-miss
322 silly fetch manifest ecc-jsbn@~0.1.1
323 silly packumentCache full:https://registry.npmjs.org/ecc-jsbn cache-miss
324 silly fetch manifest tweetnacl@~0.14.0
325 silly packumentCache full:https://registry.npmjs.org/tweetnacl cache-miss
326 silly fetch manifest bcrypt-pbkdf@^1.0.0
327 silly packumentCache full:https://registry.npmjs.org/bcrypt-pbkdf cache-miss
328 silly fetch manifest safer-buffer@^2.0.2
329 silly packumentCache full:https://registry.npmjs.org/safer-buffer cache-miss
330 http fetch GET 200 https://registry.npmjs.org/json-schema 65ms (cache miss)
331 silly packumentCache full:https://registry.npmjs.org/json-schema set size:undefined disposed:false
332 http fetch GET 200 https://registry.npmjs.org/asn1 66ms (cache miss)
333 silly packumentCache full:https://registry.npmjs.org/asn1 set size:undefined disposed:false
334 http fetch GET 200 https://registry.npmjs.org/jsbn 66ms (cache miss)
335 silly packumentCache full:https://registry.npmjs.org/jsbn set size:undefined disposed:false
336 http fetch GET 200 https://registry.npmjs.org/ecc-jsbn 66ms (cache miss)
337 silly packumentCache full:https://registry.npmjs.org/ecc-jsbn set size:undefined disposed:false
338 http fetch GET 200 https://registry.npmjs.org/safer-buffer 66ms (cache miss)
339 silly packumentCache full:https://registry.npmjs.org/safer-buffer set size:undefined disposed:false
340 http fetch GET 200 https://registry.npmjs.org/bcrypt-pbkdf 68ms (cache miss)
341 silly packumentCache full:https://registry.npmjs.org/bcrypt-pbkdf set size:undefined disposed:false
342 http fetch GET 200 https://registry.npmjs.org/dashdash 69ms (cache miss)
343 silly packumentCache full:https://registry.npmjs.org/dashdash set size:undefined disposed:false
344 http fetch GET 200 https://registry.npmjs.org/getpass 72ms (cache miss)
345 silly packumentCache full:https://registry.npmjs.org/getpass set size:undefined disposed:false
346 http fetch GET 200 https://registry.npmjs.org/verror 75ms (cache miss)
347 silly packumentCache full:https://registry.npmjs.org/verror set size:undefined disposed:false
348 http fetch GET 200 https://registry.npmjs.org/extsprintf 76ms (cache miss)
349 silly packumentCache full:https://registry.npmjs.org/extsprintf set size:undefined disposed:false
350 http fetch GET 200 https://registry.npmjs.org/tweetnacl 72ms (cache miss)
351 silly packumentCache full:https://registry.npmjs.org/tweetnacl set size:undefined disposed:false
352 silly placeDep ROOT extsprintf@1.3.0 OK for: jsprim@1.4.2 want: 1.3.0
353 silly placeDep ROOT json-schema@0.4.0 OK for: jsprim@1.4.2 want: 0.4.0
354 silly placeDep ROOT verror@1.10.0 OK for: jsprim@1.4.2 want: 1.10.0
355 silly fetch manifest core-util-is@1.0.2
356 silly packumentCache full:https://registry.npmjs.org/core-util-is cache-miss
357 http fetch GET 200 https://registry.npmjs.org/core-util-is 36ms (cache miss)
358 silly packumentCache full:https://registry.npmjs.org/core-util-is set size:undefined disposed:false
359 silly placeDep ROOT mime-db@1.52.0 OK for: mime-types@2.1.35 want: 1.52.0
360 silly placeDep ROOT asn1@0.2.6 OK for: sshpk@1.18.0 want: ~0.2.3
361 silly placeDep ROOT bcrypt-pbkdf@1.0.2 OK for: sshpk@1.18.0 want: ^1.0.0
362 silly placeDep ROOT dashdash@1.14.1 OK for: sshpk@1.18.0 want: ^1.12.0
363 silly placeDep ROOT ecc-jsbn@0.1.2 OK for: sshpk@1.18.0 want: ~0.1.1
364 silly placeDep ROOT getpass@0.1.7 OK for: sshpk@1.18.0 want: ^0.1.1
365 silly placeDep ROOT jsbn@0.1.1 OK for: sshpk@1.18.0 want: ~0.1.0
366 silly placeDep ROOT safer-buffer@2.1.2 OK for: sshpk@1.18.0 want: ^2.0.2
367 silly placeDep ROOT tweetnacl@0.14.5 OK for: sshpk@1.18.0 want: ~0.14.0
368 silly fetch manifest safer-buffer@~2.1.0
369 silly packumentCache full:https://registry.npmjs.org/safer-buffer cache-miss
370 silly fetch manifest tweetnacl@^0.14.3
371 silly packumentCache full:https://registry.npmjs.org/tweetnacl cache-miss
372 silly fetch manifest safer-buffer@^2.1.0
373 silly packumentCache full:https://registry.npmjs.org/safer-buffer cache-miss
374 http fetch GET 200 https://registry.npmjs.org/safer-buffer 8ms (cache hit)
375 silly packumentCache full:https://registry.npmjs.org/safer-buffer set size:18521 disposed:false
376 http fetch GET 200 https://registry.npmjs.org/safer-buffer 10ms (cache hit)
377 silly packumentCache full:https://registry.npmjs.org/safer-buffer set size:18521 disposed:false
378 silly packumentCache full:https://registry.npmjs.org/safer-buffer dispose
379 http fetch GET 200 https://registry.npmjs.org/tweetnacl 11ms (cache hit)
380 silly packumentCache full:https://registry.npmjs.org/tweetnacl set size:79790 disposed:false
381 silly placeDep ROOT psl@1.15.0 OK for: tough-cookie@2.5.0 want: ^1.1.28
382 silly placeDep ROOT punycode@2.3.1 OK for: tough-cookie@2.5.0 want: ^2.1.1
383 silly fetch manifest punycode@^2.3.1
384 silly packumentCache full:https://registry.npmjs.org/punycode cache-hit
385 silly placeDep ROOT core-util-is@1.0.2 OK for: verror@1.10.0 want: 1.0.2
386 silly reify moves {}
387 silly tarball no local data for core-util-is@https://registry.npmjs.org/core-util-is/-/core-util-is-1.0.2.tgz. Extracting by manifest.
388 silly tarball no local data for punycode@https://registry.npmjs.org/punycode/-/punycode-2.3.1.tgz. Extracting by manifest.
389 silly tarball no local data for psl@https://registry.npmjs.org/psl/-/psl-1.15.0.tgz. Extracting by manifest.
390 silly tarball no local data for tweetnacl@https://registry.npmjs.org/tweetnacl/-/tweetnacl-0.14.5.tgz. Extracting by manifest.
391 silly tarball no local data for safer-buffer@https://registry.npmjs.org/safer-buffer/-/safer-buffer-2.1.2.tgz. Extracting by manifest.
392 silly tarball no local data for jsbn@https://registry.npmjs.org/jsbn/-/jsbn-0.1.1.tgz. Extracting by manifest.
393 silly tarball no local data for getpass@https://registry.npmjs.org/getpass/-/getpass-0.1.7.tgz. Extracting by manifest.
394 silly tarball no local data for ecc-jsbn@https://registry.npmjs.org/ecc-jsbn/-/ecc-jsbn-0.1.2.tgz. Extracting by manifest.
395 silly tarball no local data for dashdash@https://registry.npmjs.org/dashdash/-/dashdash-1.14.1.tgz. Extracting by manifest.
396 silly tarball no local data for bcrypt-pbkdf@https://registry.npmjs.org/bcrypt-pbkdf/-/bcrypt-pbkdf-1.0.2.tgz. Extracting by manifest.
397 silly tarball no local data for asn1@https://registry.npmjs.org/asn1/-/asn1-0.2.6.tgz. Extracting by manifest.
398 silly tarball no local data for mime-db@https://registry.npmjs.org/mime-db/-/mime-db-1.52.0.tgz. Extracting by manifest.
399 silly tarball no local data for verror@https://registry.npmjs.org/verror/-/verror-1.10.0.tgz. Extracting by manifest.
400 silly tarball no local data for json-schema@https://registry.npmjs.org/json-schema/-/json-schema-0.4.0.tgz. Extracting by manifest.
401 silly tarball no local data for extsprintf@https://registry.npmjs.org/extsprintf/-/extsprintf-1.3.0.tgz. Extracting by manifest.
402 silly tarball no local data for sshpk@https://registry.npmjs.org/sshpk/-/sshpk-1.18.0.tgz. Extracting by manifest.
403 silly tarball no local data for jsprim@https://registry.npmjs.org/jsprim/-/jsprim-1.4.2.tgz. Extracting by manifest.
404 silly tarball no local data for uri-js@https://registry.npmjs.org/uri-js/-/uri-js-4.4.1.tgz. Extracting by manifest.
405 silly tarball no local data for assert-plus@https://registry.npmjs.org/assert-plus/-/assert-plus-1.0.0.tgz. Extracting by manifest.
406 silly tarball no local data for json-schema-traverse@https://registry.npmjs.org/json-schema-traverse/-/json-schema-traverse-0.4.1.tgz. Extracting by manifest.
407 silly tarball no local data for fast-json-stable-stringify@https://registry.npmjs.org/fast-json-stable-stringify/-/fast-json-stable-stringify-2.1.0.tgz. Extracting by manifest.
408 silly tarball no local data for fast-deep-equal@https://registry.npmjs.org/fast-deep-equal/-/fast-deep-equal-3.1.3.tgz. Extracting by manifest.
409 silly tarball no local data for har-schema@https://registry.npmjs.org/har-schema/-/har-schema-2.0.0.tgz. Extracting by manifest.
410 silly tarball no local data for ajv@https://registry.npmjs.org/ajv/-/ajv-6.12.6.tgz. Extracting by manifest.
411 silly tarball no local data for asynckit@https://registry.npmjs.org/asynckit/-/asynckit-0.4.0.tgz. Extracting by manifest.
412 silly tarball no local data for delayed-stream@https://registry.npmjs.org/delayed-stream/-/delayed-stream-1.0.0.tgz. Extracting by manifest.
413 silly tarball no local data for uuid@https://registry.npmjs.org/uuid/-/uuid-3.4.0.tgz. Extracting by manifest.
414 silly tarball no local data for tunnel-agent@https://registry.npmjs.org/tunnel-agent/-/tunnel-agent-0.6.0.tgz. Extracting by manifest.
415 silly tarball no local data for tough-cookie@https://registry.npmjs.org/tough-cookie/-/tough-cookie-2.5.0.tgz. Extracting by manifest.
416 silly tarball no local data for qs@https://registry.npmjs.org/qs/-/qs-6.5.3.tgz. Extracting by manifest.
417 silly tarball no local data for performance-now@https://registry.npmjs.org/performance-now/-/performance-now-2.1.0.tgz. Extracting by manifest.
418 silly tarball no local data for oauth-sign@https://registry.npmjs.org/oauth-sign/-/oauth-sign-0.9.0.tgz. Extracting by manifest.
419 silly tarball no local data for mime-types@https://registry.npmjs.org/mime-types/-/mime-types-2.1.35.tgz. Extracting by manifest.
420 silly tarball no local data for isstream@https://registry.npmjs.org/isstream/-/isstream-0.1.2.tgz. Extracting by manifest.
421 silly tarball no local data for is-typedarray@https://registry.npmjs.org/is-typedarray/-/is-typedarray-1.0.0.tgz. Extracting by manifest.
422 silly tarball no local data for har-validator@https://registry.npmjs.org/har-validator/-/har-validator-5.1.5.tgz. Extracting by manifest.
423 silly tarball no local data for http-signature@https://registry.npmjs.org/http-signature/-/http-signature-1.2.0.tgz. Extracting by manifest.
424 silly tarball no local data for form-data@https://registry.npmjs.org/form-data/-/form-data-2.3.3.tgz. Extracting by manifest.
425 silly tarball no local data for json-stringify-safe@https://registry.npmjs.org/json-stringify-safe/-/json-stringify-safe-5.0.1.tgz. Extracting by manifest.
426 silly tarball no local data for forever-agent@https://registry.npmjs.org/forever-agent/-/forever-agent-0.6.1.tgz. Extracting by manifest.
427 silly tarball no local data for combined-stream@https://registry.npmjs.org/combined-stream/-/combined-stream-1.0.8.tgz. Extracting by manifest.
428 silly tarball no local data for extend@https://registry.npmjs.org/extend/-/extend-3.0.2.tgz. Extracting by manifest.
429 silly tarball no local data for caseless@https://registry.npmjs.org/caseless/-/caseless-0.12.0.tgz. Extracting by manifest.
430 silly tarball no local data for aws-sign2@https://registry.npmjs.org/aws-sign2/-/aws-sign2-0.7.0.tgz. Extracting by manifest.
431 silly tarball no local data for minimalistic-assert@https://registry.npmjs.org/minimalistic-assert/-/minimalistic-assert-1.0.1.tgz. Extracting by manifest.
432 silly tarball no local data for aws4@https://registry.npmjs.org/aws4/-/aws4-1.13.2.tgz. Extracting by manifest.
433 silly tarball no local data for inherits@https://registry.npmjs.org/inherits/-/inherits-2.0.4.tgz. Extracting by manifest.
434 silly tarball no local data for lodash@https://registry.npmjs.org/lodash/-/lodash-4.17.21.tgz. Extracting by manifest.
435 silly tarball no local data for bn.js@https://registry.npmjs.org/bn.js/-/bn.js-4.12.1.tgz. Extracting by manifest.
436 silly tarball no local data for asn1.js@https://registry.npmjs.org/asn1.js/-/asn1.js-4.10.1.tgz. Extracting by manifest.
437 silly tarball no local data for ecdsa-sig-formatter@https://registry.npmjs.org/ecdsa-sig-formatter/-/ecdsa-sig-formatter-1.0.11.tgz. Extracting by manifest.
438 silly tarball no local data for base64url@https://registry.npmjs.org/base64url/-/base64url-2.0.0.tgz. Extracting by manifest.
439 silly tarball no local data for buffer-equal-constant-time@https://registry.npmjs.org/buffer-equal-constant-time/-/buffer-equal-constant-time-1.0.1.tgz. Extracting by manifest.
440 silly tarball no local data for safe-buffer@https://registry.npmjs.org/safe-buffer/-/safe-buffer-5.2.1.tgz. Extracting by manifest.
441 silly tarball no local data for jwa@https://registry.npmjs.org/jwa/-/jwa-1.4.1.tgz. Extracting by manifest.
442 silly tarball no local data for semver@https://registry.npmjs.org/semver/-/semver-5.7.2.tgz. Extracting by manifest.
443 silly tarball no local data for ms@https://registry.npmjs.org/ms/-/ms-2.1.3.tgz. Extracting by manifest.
444 silly tarball no local data for lodash.once@https://registry.npmjs.org/lodash.once/-/lodash.once-4.1.1.tgz. Extracting by manifest.
445 silly tarball no local data for lodash.isstring@https://registry.npmjs.org/lodash.isstring/-/lodash.isstring-4.0.1.tgz. Extracting by manifest.
446 silly tarball no local data for lodash.isplainobject@https://registry.npmjs.org/lodash.isplainobject/-/lodash.isplainobject-4.0.6.tgz. Extracting by manifest.
447 silly tarball no local data for lodash.isnumber@https://registry.npmjs.org/lodash.isnumber/-/lodash.isnumber-3.0.3.tgz. Extracting by manifest.
448 silly tarball no local data for lodash.isinteger@https://registry.npmjs.org/lodash.isinteger/-/lodash.isinteger-4.0.4.tgz. Extracting by manifest.
449 silly tarball no local data for lodash.includes@https://registry.npmjs.org/lodash.includes/-/lodash.includes-4.3.0.tgz. Extracting by manifest.
450 silly tarball no local data for lodash.isboolean@https://registry.npmjs.org/lodash.isboolean/-/lodash.isboolean-3.0.3.tgz. Extracting by manifest.
451 silly tarball no local data for jws@https://registry.npmjs.org/jws/-/jws-3.2.2.tgz. Extracting by manifest.
452 silly tarball no local data for request@https://registry.npmjs.org/request/-/request-2.88.2.tgz. Extracting by manifest.
453 silly tarball no local data for node-jwk@https://registry.npmjs.org/node-jwk/-/node-jwk-0.1.0.tgz. Extracting by manifest.
454 silly tarball no local data for jsonwebtoken@https://registry.npmjs.org/jsonwebtoken/-/jsonwebtoken-8.5.1.tgz. Extracting by manifest.
455 silly tarball no local data for node-red-contrib-jwt@https://registry.npmjs.org/node-red-contrib-jwt/-/node-red-contrib-jwt-0.1.0.tgz. Extracting by manifest.
456 http fetch GET 200 https://registry.npmjs.org/punycode/-/punycode-2.3.1.tgz 436ms (cache miss)
457 http fetch GET 200 https://registry.npmjs.org/safer-buffer/-/safer-buffer-2.1.2.tgz 441ms (cache miss)
458 http fetch GET 200 https://registry.npmjs.org/core-util-is/-/core-util-is-1.0.2.tgz 456ms (cache miss)
459 http fetch GET 200 https://registry.npmjs.org/ecc-jsbn/-/ecc-jsbn-0.1.2.tgz 462ms (cache miss)
460 http fetch GET 200 https://registry.npmjs.org/getpass/-/getpass-0.1.7.tgz 467ms (cache miss)
461 http fetch GET 200 https://registry.npmjs.org/jsbn/-/jsbn-0.1.1.tgz 485ms (cache miss)
462 http fetch GET 200 https://registry.npmjs.org/asn1/-/asn1-0.2.6.tgz 482ms (cache miss)
463 http fetch GET 200 https://registry.npmjs.org/fast-json-stable-stringify/-/fast-json-stable-stringify-2.1.0.tgz 488ms (cache miss)
464 http fetch GET 200 https://registry.npmjs.org/jsprim/-/jsprim-1.4.2.tgz 499ms (cache miss)
465 http fetch GET 200 https://registry.npmjs.org/json-schema-traverse/-/json-schema-traverse-0.4.1.tgz 495ms (cache miss)
466 http fetch GET 200 https://registry.npmjs.org/http-signature/-/http-signature-1.2.0.tgz 484ms (cache miss)
467 http fetch GET 200 https://registry.npmjs.org/har-schema/-/har-schema-2.0.0.tgz 501ms (cache miss)
468 http fetch GET 200 https://registry.npmjs.org/uuid/-/uuid-3.4.0.tgz 499ms (cache miss)
469 http fetch GET 200 https://registry.npmjs.org/bcrypt-pbkdf/-/bcrypt-pbkdf-1.0.2.tgz 521ms (cache miss)
470 http fetch GET 200 https://registry.npmjs.org/assert-plus/-/assert-plus-1.0.0.tgz 514ms (cache miss)
471 http fetch GET 200 https://registry.npmjs.org/performance-now/-/performance-now-2.1.0.tgz 506ms (cache miss)
472 http fetch GET 200 https://registry.npmjs.org/har-validator/-/har-validator-5.1.5.tgz 505ms (cache miss)
473 warn deprecated har-validator@5.1.5: this library is no longer supported
474 http fetch GET 200 https://registry.npmjs.org/extend/-/extend-3.0.2.tgz 503ms (cache miss)
475 http fetch GET 200 https://registry.npmjs.org/is-typedarray/-/is-typedarray-1.0.0.tgz 507ms (cache miss)
476 http fetch GET 200 https://registry.npmjs.org/forever-agent/-/forever-agent-0.6.1.tgz 506ms (cache miss)
477 http fetch GET 200 https://registry.npmjs.org/minimalistic-assert/-/minimalistic-assert-1.0.1.tgz 503ms (cache miss)
478 http fetch GET 200 https://registry.npmjs.org/aws4/-/aws4-1.13.2.tgz 502ms (cache miss)
479 http fetch GET 200 https://registry.npmjs.org/buffer-equal-constant-time/-/buffer-equal-constant-time-1.0.1.tgz 498ms (cache miss)
480 http fetch GET 200 https://registry.npmjs.org/jwa/-/jwa-1.4.1.tgz 493ms (cache miss)
481 http fetch GET 200 https://registry.npmjs.org/fast-deep-equal/-/fast-deep-equal-3.1.3.tgz 526ms (cache miss)
482 http fetch GET 200 https://registry.npmjs.org/delayed-stream/-/delayed-stream-1.0.0.tgz 524ms (cache miss)
483 http fetch GET 200 https://registry.npmjs.org/inherits/-/inherits-2.0.4.tgz 514ms (cache miss)
484 http fetch GET 200 https://registry.npmjs.org/semver/-/semver-5.7.2.tgz 502ms (cache miss)
485 http fetch GET 200 https://registry.npmjs.org/tunnel-agent/-/tunnel-agent-0.6.0.tgz 529ms (cache miss)
486 http fetch GET 200 https://registry.npmjs.org/oauth-sign/-/oauth-sign-0.9.0.tgz 527ms (cache miss)
487 http fetch GET 200 https://registry.npmjs.org/combined-stream/-/combined-stream-1.0.8.tgz 523ms (cache miss)
488 http fetch GET 200 https://registry.npmjs.org/ecdsa-sig-formatter/-/ecdsa-sig-formatter-1.0.11.tgz 517ms (cache miss)
489 http fetch GET 200 https://registry.npmjs.org/json-stringify-safe/-/json-stringify-safe-5.0.1.tgz 526ms (cache miss)
490 http fetch GET 200 https://registry.npmjs.org/caseless/-/caseless-0.12.0.tgz 524ms (cache miss)
491 http fetch GET 200 https://registry.npmjs.org/asn1.js/-/asn1.js-4.10.1.tgz 520ms (cache miss)
492 http fetch GET 200 https://registry.npmjs.org/lodash.isinteger/-/lodash.isinteger-4.0.4.tgz 507ms (cache miss)
493 http fetch GET 200 https://registry.npmjs.org/lodash.isstring/-/lodash.isstring-4.0.1.tgz 510ms (cache miss)
494 http fetch GET 200 https://registry.npmjs.org/lodash.isboolean/-/lodash.isboolean-3.0.3.tgz 506ms (cache miss)
495 http fetch GET 200 https://registry.npmjs.org/safe-buffer/-/safe-buffer-5.2.1.tgz 513ms (cache miss)
496 http fetch GET 200 https://registry.npmjs.org/lodash.isnumber/-/lodash.isnumber-3.0.3.tgz 510ms (cache miss)
497 http fetch GET 200 https://registry.npmjs.org/lodash.once/-/lodash.once-4.1.1.tgz 511ms (cache miss)
498 http fetch GET 200 https://registry.npmjs.org/mime-types/-/mime-types-2.1.35.tgz 534ms (cache miss)
499 http fetch GET 200 https://registry.npmjs.org/aws-sign2/-/aws-sign2-0.7.0.tgz 529ms (cache miss)
500 http fetch GET 200 https://registry.npmjs.org/isstream/-/isstream-0.1.2.tgz 539ms (cache miss)
501 http fetch GET 200 https://registry.npmjs.org/dashdash/-/dashdash-1.14.1.tgz 564ms (cache miss)
502 http fetch GET 200 https://registry.npmjs.org/lodash.isplainobject/-/lodash.isplainobject-4.0.6.tgz 521ms (cache miss)
503 http fetch GET 200 https://registry.npmjs.org/ms/-/ms-2.1.3.tgz 524ms (cache miss)
504 http fetch GET 200 https://registry.npmjs.org/lodash.includes/-/lodash.includes-4.3.0.tgz 521ms (cache miss)
505 http fetch GET 200 https://registry.npmjs.org/asynckit/-/asynckit-0.4.0.tgz 555ms (cache miss)
506 http fetch GET 200 https://registry.npmjs.org/json-schema/-/json-schema-0.4.0.tgz 568ms (cache miss)
507 http fetch GET 200 https://registry.npmjs.org/jws/-/jws-3.2.2.tgz 526ms (cache miss)
508 http fetch GET 200 https://registry.npmjs.org/tough-cookie/-/tough-cookie-2.5.0.tgz 556ms (cache miss)
509 http fetch GET 200 https://registry.npmjs.org/jsonwebtoken/-/jsonwebtoken-8.5.1.tgz 534ms (cache miss)
510 warn deprecated uuid@3.4.0: Please upgrade  to version 7 or higher.  Older versions may use Math.random() in certain circumstances, which is known to be problematic.  See https://v8.dev/blog/math-random for details.
511 http fetch GET 200 https://registry.npmjs.org/extsprintf/-/extsprintf-1.3.0.tgz 586ms (cache miss)
512 http fetch GET 200 https://registry.npmjs.org/form-data/-/form-data-2.3.3.tgz 576ms (cache miss)
513 http fetch GET 200 https://registry.npmjs.org/verror/-/verror-1.10.0.tgz 600ms (cache miss)
514 http fetch GET 200 https://registry.npmjs.org/bn.js/-/bn.js-4.12.1.tgz 575ms (cache miss)
515 http fetch GET 200 https://registry.npmjs.org/base64url/-/base64url-2.0.0.tgz 574ms (cache miss)
516 http fetch GET 200 https://registry.npmjs.org/tweetnacl/-/tweetnacl-0.14.5.tgz 610ms (cache miss)
517 http fetch GET 200 https://registry.npmjs.org/mime-db/-/mime-db-1.52.0.tgz 610ms (cache miss)
518 http fetch GET 200 https://registry.npmjs.org/request/-/request-2.88.2.tgz 566ms (cache miss)
519 http fetch GET 200 https://registry.npmjs.org/qs/-/qs-6.5.3.tgz 596ms (cache miss)
520 warn deprecated request@2.88.2: request has been deprecated, see https://github.com/request/request/issues/3142
521 http fetch GET 200 https://registry.npmjs.org/node-jwk/-/node-jwk-0.1.0.tgz 573ms (cache miss)
522 http fetch GET 200 https://registry.npmjs.org/sshpk/-/sshpk-1.18.0.tgz 630ms (cache miss)
523 http fetch GET 200 https://registry.npmjs.org/psl/-/psl-1.15.0.tgz 673ms (cache miss)
524 http fetch GET 200 https://registry.npmjs.org/uri-js/-/uri-js-4.4.1.tgz 679ms (cache miss)
525 http fetch GET 200 https://registry.npmjs.org/node-red-contrib-jwt/-/node-red-contrib-jwt-0.1.0.tgz 639ms (cache miss)
526 http fetch GET 200 https://registry.npmjs.org/ajv/-/ajv-6.12.6.tgz 733ms (cache miss)
527 http fetch GET 200 https://registry.npmjs.org/lodash/-/lodash-4.17.21.tgz 934ms (cache miss)
528 silly ADD node_modules/core-util-is
529 silly ADD node_modules/punycode
530 silly ADD node_modules/psl
531 silly ADD node_modules/tweetnacl
532 silly ADD node_modules/safer-buffer
533 silly ADD node_modules/jsbn
534 silly ADD node_modules/getpass
535 silly ADD node_modules/ecc-jsbn
536 silly ADD node_modules/dashdash
537 silly ADD node_modules/bcrypt-pbkdf
538 silly ADD node_modules/asn1
539 silly ADD node_modules/mime-db
540 silly ADD node_modules/verror
541 silly ADD node_modules/json-schema
542 silly ADD node_modules/extsprintf
543 silly ADD node_modules/sshpk
544 silly ADD node_modules/jsprim
545 silly ADD node_modules/assert-plus
546 silly ADD node_modules/uri-js
547 silly ADD node_modules/json-schema-traverse
548 silly ADD node_modules/fast-json-stable-stringify
549 silly ADD node_modules/fast-deep-equal
550 silly ADD node_modules/har-schema
551 silly ADD node_modules/ajv
552 silly ADD node_modules/asynckit
553 silly ADD node_modules/delayed-stream
554 silly ADD node_modules/uuid
555 silly ADD node_modules/tunnel-agent
556 silly ADD node_modules/tough-cookie
557 silly ADD node_modules/qs
558 silly ADD node_modules/performance-now
559 silly ADD node_modules/oauth-sign
560 silly ADD node_modules/mime-types
561 silly ADD node_modules/json-stringify-safe
562 silly ADD node_modules/isstream
563 silly ADD node_modules/is-typedarray
564 silly ADD node_modules/http-signature
565 silly ADD node_modules/har-validator
566 silly ADD node_modules/form-data
567 silly ADD node_modules/forever-agent
568 silly ADD node_modules/extend
569 silly ADD node_modules/combined-stream
570 silly ADD node_modules/caseless
571 silly ADD node_modules/aws4
572 silly ADD node_modules/aws-sign2
573 silly ADD node_modules/minimalistic-assert
574 silly ADD node_modules/inherits
575 silly ADD node_modules/bn.js
576 silly ADD node_modules/lodash
577 silly ADD node_modules/base64url
578 silly ADD node_modules/asn1.js
579 silly ADD node_modules/ecdsa-sig-formatter
580 silly ADD node_modules/buffer-equal-constant-time
581 silly ADD node_modules/safe-buffer
582 silly ADD node_modules/jwa
583 silly ADD node_modules/semver
584 silly ADD node_modules/ms
585 silly ADD node_modules/lodash.once
586 silly ADD node_modules/lodash.isstring
587 silly ADD node_modules/lodash.isplainobject
588 silly ADD node_modules/lodash.isnumber
589 silly ADD node_modules/lodash.isinteger
590 silly ADD node_modules/lodash.isboolean
591 silly ADD node_modules/lodash.includes
592 silly ADD node_modules/jws
593 silly ADD node_modules/request
594 silly ADD node_modules/node-jwk
595 silly ADD node_modules/jsonwebtoken
596 silly ADD node_modules/node-red-contrib-jwt
597 verbose cwd /data
598 verbose os Linux 5.15.167.4-microsoft-standard-WSL2
599 verbose node v20.18.3
600 verbose npm  v10.8.2
601 verbose exit 0
602 info ok
